This file contains any messages produced by compilers while
running configure, to aid debugging if configure makes a mistake.

It was created by htop configure 2.2.0, which was
generated by GNU Autoconf 2.69.  Invocation command line was

  $ ./configure --prefix=/mnt/fileroot/jianxin.pan/git_pan/tiny_tools/htop/htop-2.2.0_src/install_htop --disable-unicode --host=arm-linux-gnueabihf LDFLAGS=-L/mnt/fileroot/jianxin.pan/git_pan/tiny_tools/htop/ncurses-6.1_src/install_ncurses/lib --static CPPFLAGS=-I/mnt/fileroot/jianxin.pan/git_pan/tiny_tools/htop/ncurses-6.1_src/install_ncurses/include/ --enable-proc --enable-cgroup --enable-taskstats --enable-linux-affinity --enable-setuid

## --------- ##
## Platform. ##
## --------- ##

hostname = droid02
uname -m = x86_64
uname -r = 4.2.0-27-generic
uname -s = Linux
uname -v = #32~14.04.1-Ubuntu SMP Fri Jan 22 15:32:26 UTC 2016

/usr/bin/uname -p = unknown
/bin/uname -X     = unknown

/bin/arch              = unknown
/usr/bin/arch -k       = unknown
/usr/convex/getsysinfo = unknown
/usr/bin/hostinfo      = unknown
/bin/machine           = unknown
/usr/bin/oslevel       = unknown
/bin/universe          = unknown

PATH: /usr/lib/jvm/java-8-openjdk-amd64/bin
PATH: /mnt/fileroot/jianxin.pan/fireos_w/fire_18/out/host/linux-x86/bin
PATH: /mnt/fileroot/jianxin.pan/fireos_w/fire_18/prebuilts/gcc/linux-x86/arm/arm-linux-androideabi-4.9/bin
PATH: /mnt/fileroot/jianxin.pan/fireos_w/fire_18/prebuilts/gcc/linux-x86/
PATH: /mnt/fileroot/jianxin.pan/fireos_w/fire_18/fireos/development/scripts
PATH: /mnt/fileroot/jianxin.pan/fireos_w/fire_18/development/scripts
PATH: /mnt/fileroot/jianxin.pan/fireos_w/fire_18/prebuilts/devtools/tools
PATH: /mnt/fileroot/jianxin.pan/fireos_w/fire_18/external/selinux/prebuilts/bin
PATH: /opt/openjdk-1.8/bin
PATH: /usr/local/sbin
PATH: /usr/local/bin
PATH: /usr/sbin
PATH: /usr/bin
PATH: /sbin
PATH: /bin
PATH: /usr/games
PATH: /usr/local/games
PATH: /opt/gnutools/arc2.3-p0/elf32-4.2.1/bin
PATH: /opt/gnutools/arc2.3-p0/uclibc-4.2.1/bin
PATH: /opt/gnutools/arc-4.8-amlogic-20130904-r2/bin
PATH: /opt/CodeSourcery/Sourcery_G++_Lite/bin
PATH: /opt/CodeSourcery/Sourcery_G++_Lite/arm-none-eabi/bin
PATH: /opt/CodeSourcery/Sourcery_G++_Lite/arm-none-linux-gnueabi/bin
PATH: /opt/gcc-linaro-arm-linux-gnueabihf/bin
PATH: /opt/gcc-linaro-aarch64-linux-gnu-4.9-2014.09_linux/bin
PATH: /opt/gcc-linaro-aarch64-none-elf-4.8-2013.11_linux/bin
PATH: /opt/coverity/cov-analysis-linux64-2017.07-SP2/bin
PATH: /opt/aarch64-cros-linux-gnu/aarch64/bin
PATH: /opt/metaware-2013.09/MetaWare/arc/bin
PATH: /opt/fbc-main/tool/bin
PATH: /home/jianxin.pan/bin


## ----------- ##
## Core tests. ##
## ----------- ##

configure:2332: checking build system type
configure:2346: result: x86_64-unknown-linux-gnu
configure:2366: checking host system type
configure:2379: result: arm-unknown-linux-gnueabihf
configure:2399: checking target system type
configure:2412: result: arm-unknown-linux-gnueabihf
configure:2455: checking for a BSD-compatible install
configure:2523: result: /usr/bin/install -c
configure:2534: checking whether build environment is sane
configure:2589: result: yes
configure:2648: checking for arm-linux-gnueabihf-strip
configure:2664: found /opt/gcc-linaro-arm-linux-gnueabihf/bin/arm-linux-gnueabihf-strip
configure:2675: result: arm-linux-gnueabihf-strip
configure:2740: checking for a thread-safe mkdir -p
configure:2779: result: /bin/mkdir -p
configure:2786: checking for gawk
configure:2802: found /usr/bin/gawk
configure:2813: result: gawk
configure:2824: checking whether make sets $(MAKE)
configure:2846: result: yes
configure:2875: checking whether make supports nested variables
configure:2892: result: yes
configure:3029: checking for arm-linux-gnueabihf-gcc
configure:3045: found /opt/gcc-linaro-arm-linux-gnueabihf/bin/arm-linux-gnueabihf-gcc
configure:3056: result: arm-linux-gnueabihf-gcc
configure:3325: checking for C compiler version
configure:3334: arm-linux-gnueabihf-gcc --version >&5
arm-linux-gnueabihf-gcc (crosstool-NG linaro-1.13.1-4.7-2013.02-01-20130221 - Linaro GCC 2013.02) 4.7.3 20130205 (prerelease)
Copyright (C) 2012 Free Software Foundation, Inc.
This is free software; see the source for copying conditions.  There is NO
warranty; not even for MERCHANTABILITY or FITNESS FOR A PARTICULAR PURPOSE.

configure:3345: $? = 0
configure:3334: arm-linux-gnueabihf-gcc -v >&5
Using built-in specs.
COLLECT_GCC=arm-linux-gnueabihf-gcc
COLLECT_LTO_WRAPPER=/opt/gcc-linaro-arm-linux-gnueabihf/bin/../libexec/gcc/arm-linux-gnueabihf/4.7.3/lto-wrapper
Target: arm-linux-gnueabihf
Configured with: /cbuild/slaves/oorts/crosstool-ng/builds/arm-linux-gnueabihf-linux/.build/src/gcc-linaro-4.7-2013.02/configure --build=i686-build_pc-linux-gnu --host=i686-build_pc-linux-gnu --target=arm-linux-gnueabihf --prefix=/cbuild/slaves/oorts/crosstool-ng/builds/arm-linux-gnueabihf-linux/install --with-sysroot=/cbuild/slaves/oorts/crosstool-ng/builds/arm-linux-gnueabihf-linux/install/arm-linux-gnueabihf/libc --enable-languages=c,c++,fortran --enable-multilib --with-arch=armv7-a --with-tune=cortex-a9 --with-fpu=vfpv3-d16 --with-float=hard --with-pkgversion='crosstool-NG linaro-1.13.1-4.7-2013.02-01-20130221 - Linaro GCC 2013.02' --with-bugurl=https://bugs.launchpad.net/gcc-linaro --enable-__cxa_atexit --enable-libmudflap --enable-libgomp --enable-libssp --with-gmp=/cbuild/slaves/oorts/crosstool-ng/builds/arm-linux-gnueabihf-linux/.build/arm-linux-gnueabihf/build/static --with-mpfr=/cbuild/slaves/oorts/crosstool-ng/builds/arm-linux-gnueabihf-linux/.build/arm-linux-gnueabihf/build/static --with-mpc=/cbuild/slaves/oorts/crosstool-ng/builds/arm-linux-gnueabihf-linux/.build/arm-linux-gnueabihf/build/static --with-ppl=/cbuild/slaves/oorts/crosstool-ng/builds/arm-linux-gnueabihf-linux/.build/arm-linux-gnueabihf/build/static --with-cloog=/cbuild/slaves/oorts/crosstool-ng/builds/arm-linux-gnueabihf-linux/.build/arm-linux-gnueabihf/build/static --with-libelf=/cbuild/slaves/oorts/crosstool-ng/builds/arm-linux-gnueabihf-linux/.build/arm-linux-gnueabihf/build/static --with-host-libstdcxx='-L/cbuild/slaves/oorts/crosstool-ng/builds/arm-linux-gnueabihf-linux/.build/arm-linux-gnueabihf/build/static/lib -lpwl' --enable-threads=posix --disable-libstdcxx-pch --enable-linker-build-id --enable-gold --with-local-prefix=/cbuild/slaves/oorts/crosstool-ng/builds/arm-linux-gnueabihf-linux/install/arm-linux-gnueabihf/libc --enable-c99 --enable-long-long --with-mode=thumb
Thread model: posix
gcc version 4.7.3 20130205 (prerelease) (crosstool-NG linaro-1.13.1-4.7-2013.02-01-20130221 - Linaro GCC 2013.02) 
configure:3345: $? = 0
configure:3334: arm-linux-gnueabihf-gcc -V >&5
arm-linux-gnueabihf-gcc: error: unrecognized command line option '-V'
arm-linux-gnueabihf-gcc: fatal error: no input files
compilation terminated.
configure:3345: $? = 1
configure:3334: arm-linux-gnueabihf-gcc -qversion >&5
arm-linux-gnueabihf-gcc: error: unrecognized command line option '-qversion'
arm-linux-gnueabihf-gcc: fatal error: no input files
compilation terminated.
configure:3345: $? = 1
configure:3365: checking whether the C compiler works
configure:3387: arm-linux-gnueabihf-gcc  -I/mnt/fileroot/jianxin.pan/git_pan/tiny_tools/htop/ncurses-6.1_src/install_ncurses/include/ -L/mnt/fileroot/jianxin.pan/git_pan/tiny_tools/htop/ncurses-6.1_src/install_ncurses/lib --static conftest.c  >&5
configure:3391: $? = 0
configure:3439: result: yes
configure:3442: checking for C compiler default output file name
configure:3444: result: a.out
configure:3450: checking for suffix of executables
configure:3457: arm-linux-gnueabihf-gcc -o conftest  -I/mnt/fileroot/jianxin.pan/git_pan/tiny_tools/htop/ncurses-6.1_src/install_ncurses/include/ -L/mnt/fileroot/jianxin.pan/git_pan/tiny_tools/htop/ncurses-6.1_src/install_ncurses/lib --static conftest.c  >&5
configure:3461: $? = 0
configure:3483: result: 
configure:3505: checking whether we are cross compiling
configure:3513: arm-linux-gnueabihf-gcc -o conftest  -I/mnt/fileroot/jianxin.pan/git_pan/tiny_tools/htop/ncurses-6.1_src/install_ncurses/include/ -L/mnt/fileroot/jianxin.pan/git_pan/tiny_tools/htop/ncurses-6.1_src/install_ncurses/lib --static conftest.c  >&5
configure:3517: $? = 0
configure:3524: ./conftest
./configure: line 3526: ./conftest: cannot execute binary file: Exec format error
configure:3528: $? = 126
configure:3543: result: yes
configure:3548: checking for suffix of object files
configure:3570: arm-linux-gnueabihf-gcc -c  -I/mnt/fileroot/jianxin.pan/git_pan/tiny_tools/htop/ncurses-6.1_src/install_ncurses/include/ conftest.c >&5
configure:3574: $? = 0
configure:3595: result: o
configure:3599: checking whether we are using the GNU C compiler
configure:3618: arm-linux-gnueabihf-gcc -c  -I/mnt/fileroot/jianxin.pan/git_pan/tiny_tools/htop/ncurses-6.1_src/install_ncurses/include/ conftest.c >&5
configure:3618: $? = 0
configure:3627: result: yes
configure:3636: checking whether arm-linux-gnueabihf-gcc accepts -g
configure:3656: arm-linux-gnueabihf-gcc -c -g -I/mnt/fileroot/jianxin.pan/git_pan/tiny_tools/htop/ncurses-6.1_src/install_ncurses/include/ conftest.c >&5
configure:3656: $? = 0
configure:3697: result: yes
configure:3714: checking for arm-linux-gnueabihf-gcc option to accept ISO C89
configure:3777: arm-linux-gnueabihf-gcc  -c -g -O2 -I/mnt/fileroot/jianxin.pan/git_pan/tiny_tools/htop/ncurses-6.1_src/install_ncurses/include/ conftest.c >&5
configure:3777: $? = 0
configure:3790: result: none needed
configure:3815: checking whether arm-linux-gnueabihf-gcc understands -c and -o together
configure:3837: arm-linux-gnueabihf-gcc -c conftest.c -o conftest2.o
configure:3840: $? = 0
configure:3837: arm-linux-gnueabihf-gcc -c conftest.c -o conftest2.o
configure:3840: $? = 0
configure:3852: result: yes
configure:3880: checking for style of include used by make
configure:3908: result: GNU
configure:3934: checking dependency style of arm-linux-gnueabihf-gcc
configure:4045: result: gcc3
configure:4069: checking how to run the C preprocessor
configure:4100: arm-linux-gnueabihf-gcc -E -I/mnt/fileroot/jianxin.pan/git_pan/tiny_tools/htop/ncurses-6.1_src/install_ncurses/include/ conftest.c
configure:4100: $? = 0
configure:4114: arm-linux-gnueabihf-gcc -E -I/mnt/fileroot/jianxin.pan/git_pan/tiny_tools/htop/ncurses-6.1_src/install_ncurses/include/ conftest.c
conftest.c:11:28: fatal error: ac_nonexistent.h: No such file or directory
compilation terminated.
configure:4114: $? = 1
configure: failed program was:
| /* confdefs.h */
| #define PACKAGE_NAME "htop"
| #define PACKAGE_TARNAME "htop"
| #define PACKAGE_VERSION "2.2.0"
| #define PACKAGE_STRING "htop 2.2.0"
| #define PACKAGE_BUGREPORT "hisham@gobolinux.org"
| #define PACKAGE_URL ""
| #define PACKAGE "htop"
| #define VERSION "2.2.0"
| /* end confdefs.h.  */
| #include <ac_nonexistent.h>
configure:4139: result: arm-linux-gnueabihf-gcc -E
configure:4159: arm-linux-gnueabihf-gcc -E -I/mnt/fileroot/jianxin.pan/git_pan/tiny_tools/htop/ncurses-6.1_src/install_ncurses/include/ conftest.c
configure:4159: $? = 0
configure:4173: arm-linux-gnueabihf-gcc -E -I/mnt/fileroot/jianxin.pan/git_pan/tiny_tools/htop/ncurses-6.1_src/install_ncurses/include/ conftest.c
conftest.c:11:28: fatal error: ac_nonexistent.h: No such file or directory
compilation terminated.
configure:4173: $? = 1
configure: failed program was:
| /* confdefs.h */
| #define PACKAGE_NAME "htop"
| #define PACKAGE_TARNAME "htop"
| #define PACKAGE_VERSION "2.2.0"
| #define PACKAGE_STRING "htop 2.2.0"
| #define PACKAGE_BUGREPORT "hisham@gobolinux.org"
| #define PACKAGE_URL ""
| #define PACKAGE "htop"
| #define VERSION "2.2.0"
| /* end confdefs.h.  */
| #include <ac_nonexistent.h>
configure:4202: checking for grep that handles long lines and -e
configure:4260: result: /bin/grep
configure:4265: checking for egrep
configure:4327: result: /bin/grep -E
configure:4332: checking for ANSI C header files
configure:4352: arm-linux-gnueabihf-gcc -c -g -O2 -I/mnt/fileroot/jianxin.pan/git_pan/tiny_tools/htop/ncurses-6.1_src/install_ncurses/include/ conftest.c >&5
configure:4352: $? = 0
configure:4436: result: yes
configure:4449: checking for sys/types.h
configure:4449: arm-linux-gnueabihf-gcc -c -g -O2 -I/mnt/fileroot/jianxin.pan/git_pan/tiny_tools/htop/ncurses-6.1_src/install_ncurses/include/ conftest.c >&5
configure:4449: $? = 0
configure:4449: result: yes
configure:4449: checking for sys/stat.h
configure:4449: arm-linux-gnueabihf-gcc -c -g -O2 -I/mnt/fileroot/jianxin.pan/git_pan/tiny_tools/htop/ncurses-6.1_src/install_ncurses/include/ conftest.c >&5
configure:4449: $? = 0
configure:4449: result: yes
configure:4449: checking for stdlib.h
configure:4449: arm-linux-gnueabihf-gcc -c -g -O2 -I/mnt/fileroot/jianxin.pan/git_pan/tiny_tools/htop/ncurses-6.1_src/install_ncurses/include/ conftest.c >&5
configure:4449: $? = 0
configure:4449: result: yes
configure:4449: checking for string.h
configure:4449: arm-linux-gnueabihf-gcc -c -g -O2 -I/mnt/fileroot/jianxin.pan/git_pan/tiny_tools/htop/ncurses-6.1_src/install_ncurses/include/ conftest.c >&5
configure:4449: $? = 0
configure:4449: result: yes
configure:4449: checking for memory.h
configure:4449: arm-linux-gnueabihf-gcc -c -g -O2 -I/mnt/fileroot/jianxin.pan/git_pan/tiny_tools/htop/ncurses-6.1_src/install_ncurses/include/ conftest.c >&5
configure:4449: $? = 0
configure:4449: result: yes
configure:4449: checking for strings.h
configure:4449: arm-linux-gnueabihf-gcc -c -g -O2 -I/mnt/fileroot/jianxin.pan/git_pan/tiny_tools/htop/ncurses-6.1_src/install_ncurses/include/ conftest.c >&5
configure:4449: $? = 0
configure:4449: result: yes
configure:4449: checking for inttypes.h
configure:4449: arm-linux-gnueabihf-gcc -c -g -O2 -I/mnt/fileroot/jianxin.pan/git_pan/tiny_tools/htop/ncurses-6.1_src/install_ncurses/include/ conftest.c >&5
configure:4449: $? = 0
configure:4449: result: yes
configure:4449: checking for stdint.h
configure:4449: arm-linux-gnueabihf-gcc -c -g -O2 -I/mnt/fileroot/jianxin.pan/git_pan/tiny_tools/htop/ncurses-6.1_src/install_ncurses/include/ conftest.c >&5
configure:4449: $? = 0
configure:4449: result: yes
configure:4449: checking for unistd.h
configure:4449: arm-linux-gnueabihf-gcc -c -g -O2 -I/mnt/fileroot/jianxin.pan/git_pan/tiny_tools/htop/ncurses-6.1_src/install_ncurses/include/ conftest.c >&5
configure:4449: $? = 0
configure:4449: result: yes
configure:4462: checking minix/config.h usability
configure:4462: arm-linux-gnueabihf-gcc -c -g -O2 -I/mnt/fileroot/jianxin.pan/git_pan/tiny_tools/htop/ncurses-6.1_src/install_ncurses/include/ conftest.c >&5
conftest.c:54:26: fatal error: minix/config.h: No such file or directory
compilation terminated.
configure:4462: $? = 1
configure: failed program was:
| /* confdefs.h */
| #define PACKAGE_NAME "htop"
| #define PACKAGE_TARNAME "htop"
| #define PACKAGE_VERSION "2.2.0"
| #define PACKAGE_STRING "htop 2.2.0"
| #define PACKAGE_BUGREPORT "hisham@gobolinux.org"
| #define PACKAGE_URL ""
| #define PACKAGE "htop"
| #define VERSION "2.2.0"
| #define STDC_HEADERS 1
| #define HAVE_SYS_TYPES_H 1
| #define HAVE_SYS_STAT_H 1
| #define HAVE_STDLIB_H 1
| #define HAVE_STRING_H 1
| #define HAVE_MEMORY_H 1
| #define HAVE_STRINGS_H 1
| #define HAVE_INTTYPES_H 1
| #define HAVE_STDINT_H 1
| #define HAVE_UNISTD_H 1
| /* end confdefs.h.  */
| #include <stdio.h>
| #ifdef HAVE_SYS_TYPES_H
| # include <sys/types.h>
| #endif
| #ifdef HAVE_SYS_STAT_H
| # include <sys/stat.h>
| #endif
| #ifdef STDC_HEADERS
| # include <stdlib.h>
| # include <stddef.h>
| #else
| # ifdef HAVE_STDLIB_H
| #  include <stdlib.h>
| # endif
| #endif
| #ifdef HAVE_STRING_H
| # if !defined STDC_HEADERS && defined HAVE_MEMORY_H
| #  include <memory.h>
| # endif
| # include <string.h>
| #endif
| #ifdef HAVE_STRINGS_H
| # include <strings.h>
| #endif
| #ifdef HAVE_INTTYPES_H
| # include <inttypes.h>
| #endif
| #ifdef HAVE_STDINT_H
| # include <stdint.h>
| #endif
| #ifdef HAVE_UNISTD_H
| # include <unistd.h>
| #endif
| #include <minix/config.h>
configure:4462: result: no
configure:4462: checking minix/config.h presence
configure:4462: arm-linux-gnueabihf-gcc -E -I/mnt/fileroot/jianxin.pan/git_pan/tiny_tools/htop/ncurses-6.1_src/install_ncurses/include/ conftest.c
conftest.c:21:26: fatal error: minix/config.h: No such file or directory
compilation terminated.
configure:4462: $? = 1
configure: failed program was:
| /* confdefs.h */
| #define PACKAGE_NAME "htop"
| #define PACKAGE_TARNAME "htop"
| #define PACKAGE_VERSION "2.2.0"
| #define PACKAGE_STRING "htop 2.2.0"
| #define PACKAGE_BUGREPORT "hisham@gobolinux.org"
| #define PACKAGE_URL ""
| #define PACKAGE "htop"
| #define VERSION "2.2.0"
| #define STDC_HEADERS 1
| #define HAVE_SYS_TYPES_H 1
| #define HAVE_SYS_STAT_H 1
| #define HAVE_STDLIB_H 1
| #define HAVE_STRING_H 1
| #define HAVE_MEMORY_H 1
| #define HAVE_STRINGS_H 1
| #define HAVE_INTTYPES_H 1
| #define HAVE_STDINT_H 1
| #define HAVE_UNISTD_H 1
| /* end confdefs.h.  */
| #include <minix/config.h>
configure:4462: result: no
configure:4462: checking for minix/config.h
configure:4462: result: no
configure:4483: checking whether it is safe to define __EXTENSIONS__
configure:4501: arm-linux-gnueabihf-gcc -c -g -O2 -I/mnt/fileroot/jianxin.pan/git_pan/tiny_tools/htop/ncurses-6.1_src/install_ncurses/include/ conftest.c >&5
configure:4501: $? = 0
configure:4508: result: yes
configure:4551: checking for ceil in -lm
configure:4576: arm-linux-gnueabihf-gcc -o conftest -g -O2 -I/mnt/fileroot/jianxin.pan/git_pan/tiny_tools/htop/ncurses-6.1_src/install_ncurses/include/ -L/mnt/fileroot/jianxin.pan/git_pan/tiny_tools/htop/ncurses-6.1_src/install_ncurses/lib --static conftest.c -lm   >&5
conftest.c:33:6: warning: conflicting types for built-in function 'ceil' [enabled by default]
configure:4576: $? = 0
configure:4585: result: yes
configure:4604: checking for dirent.h that defines DIR
configure:4623: arm-linux-gnueabihf-gcc -c -g -O2 -I/mnt/fileroot/jianxin.pan/git_pan/tiny_tools/htop/ncurses-6.1_src/install_ncurses/include/ conftest.c >&5
configure:4623: $? = 0
configure:4631: result: yes
configure:4644: checking for library containing opendir
configure:4675: arm-linux-gnueabihf-gcc -o conftest -g -O2 -I/mnt/fileroot/jianxin.pan/git_pan/tiny_tools/htop/ncurses-6.1_src/install_ncurses/include/ -L/mnt/fileroot/jianxin.pan/git_pan/tiny_tools/htop/ncurses-6.1_src/install_ncurses/lib --static conftest.c -lm  >&5
configure:4675: $? = 0
configure:4692: result: none required
configure:4759: checking for ANSI C header files
configure:4863: result: yes
configure:4874: checking for stdlib.h
configure:4874: result: yes
configure:4874: checking for string.h
configure:4874: result: yes
configure:4874: checking for strings.h
configure:4874: result: yes
configure:4874: checking sys/param.h usability
configure:4874: arm-linux-gnueabihf-gcc -c -g -O2 -I/mnt/fileroot/jianxin.pan/git_pan/tiny_tools/htop/ncurses-6.1_src/install_ncurses/include/ conftest.c >&5
configure:4874: $? = 0
configure:4874: result: yes
configure:4874: checking sys/param.h presence
configure:4874: arm-linux-gnueabihf-gcc -E -I/mnt/fileroot/jianxin.pan/git_pan/tiny_tools/htop/ncurses-6.1_src/install_ncurses/include/ conftest.c
configure:4874: $? = 0
configure:4874: result: yes
configure:4874: checking for sys/param.h
configure:4874: result: yes
configure:4874: checking sys/time.h usability
configure:4874: arm-linux-gnueabihf-gcc -c -g -O2 -I/mnt/fileroot/jianxin.pan/git_pan/tiny_tools/htop/ncurses-6.1_src/install_ncurses/include/ conftest.c >&5
configure:4874: $? = 0
configure:4874: result: yes
configure:4874: checking sys/time.h presence
configure:4874: arm-linux-gnueabihf-gcc -E -I/mnt/fileroot/jianxin.pan/git_pan/tiny_tools/htop/ncurses-6.1_src/install_ncurses/include/ conftest.c
configure:4874: $? = 0
configure:4874: result: yes
configure:4874: checking for sys/time.h
configure:4874: result: yes
configure:4874: checking for unistd.h
configure:4874: result: yes
configure:4890: checking execinfo.h usability
configure:4890: arm-linux-gnueabihf-gcc -c -g -O2 -I/mnt/fileroot/jianxin.pan/git_pan/tiny_tools/htop/ncurses-6.1_src/install_ncurses/include/ conftest.c >&5
configure:4890: $? = 0
configure:4890: result: yes
configure:4890: checking execinfo.h presence
configure:4890: arm-linux-gnueabihf-gcc -E -I/mnt/fileroot/jianxin.pan/git_pan/tiny_tools/htop/ncurses-6.1_src/install_ncurses/include/ conftest.c
configure:4890: $? = 0
configure:4890: result: yes
configure:4890: checking for execinfo.h
configure:4890: result: yes
configure:4903: checking whether sys/types.h defines makedev
configure:4919: arm-linux-gnueabihf-gcc -o conftest -g -O2 -I/mnt/fileroot/jianxin.pan/git_pan/tiny_tools/htop/ncurses-6.1_src/install_ncurses/include/ -L/mnt/fileroot/jianxin.pan/git_pan/tiny_tools/htop/ncurses-6.1_src/install_ncurses/lib --static conftest.c -lm  >&5
configure:4919: $? = 0
configure:4928: result: yes
configure:4966: checking for stdbool.h that conforms to C99
configure:5033: arm-linux-gnueabihf-gcc -c -g -O2 -I/mnt/fileroot/jianxin.pan/git_pan/tiny_tools/htop/ncurses-6.1_src/install_ncurses/include/ conftest.c >&5
configure:5033: $? = 0
configure:5040: result: yes
configure:5042: checking for _Bool
configure:5042: arm-linux-gnueabihf-gcc -c -g -O2 -I/mnt/fileroot/jianxin.pan/git_pan/tiny_tools/htop/ncurses-6.1_src/install_ncurses/include/ conftest.c >&5
configure:5042: $? = 0
configure:5042: arm-linux-gnueabihf-gcc -c -g -O2 -I/mnt/fileroot/jianxin.pan/git_pan/tiny_tools/htop/ncurses-6.1_src/install_ncurses/include/ conftest.c >&5
conftest.c: In function 'main':
conftest.c:72:20: error: expected expression before ')' token
configure:5042: $? = 1
configure: failed program was:
| /* confdefs.h */
| #define PACKAGE_NAME "htop"
| #define PACKAGE_TARNAME "htop"
| #define PACKAGE_VERSION "2.2.0"
| #define PACKAGE_STRING "htop 2.2.0"
| #define PACKAGE_BUGREPORT "hisham@gobolinux.org"
| #define PACKAGE_URL ""
| #define PACKAGE "htop"
| #define VERSION "2.2.0"
| #define STDC_HEADERS 1
| #define HAVE_SYS_TYPES_H 1
| #define HAVE_SYS_STAT_H 1
| #define HAVE_STDLIB_H 1
| #define HAVE_STRING_H 1
| #define HAVE_MEMORY_H 1
| #define HAVE_STRINGS_H 1
| #define HAVE_INTTYPES_H 1
| #define HAVE_STDINT_H 1
| #define HAVE_UNISTD_H 1
| #define __EXTENSIONS__ 1
| #define _ALL_SOURCE 1
| #define _GNU_SOURCE 1
| #define _POSIX_PTHREAD_SEMANTICS 1
| #define _TANDEM_SOURCE 1
| #define HAVE_LIBM 1
| #define HAVE_DIRENT_H 1
| #define STDC_HEADERS 1
| #define HAVE_STDLIB_H 1
| #define HAVE_STRING_H 1
| #define HAVE_STRINGS_H 1
| #define HAVE_SYS_PARAM_H 1
| #define HAVE_SYS_TIME_H 1
| #define HAVE_UNISTD_H 1
| #define HAVE_EXECINFO_H 1
| /* end confdefs.h.  */
| #include <stdio.h>
| #ifdef HAVE_SYS_TYPES_H
| # include <sys/types.h>
| #endif
| #ifdef HAVE_SYS_STAT_H
| # include <sys/stat.h>
| #endif
| #ifdef STDC_HEADERS
| # include <stdlib.h>
| # include <stddef.h>
| #else
| # ifdef HAVE_STDLIB_H
| #  include <stdlib.h>
| # endif
| #endif
| #ifdef HAVE_STRING_H
| # if !defined STDC_HEADERS && defined HAVE_MEMORY_H
| #  include <memory.h>
| # endif
| # include <string.h>
| #endif
| #ifdef HAVE_STRINGS_H
| # include <strings.h>
| #endif
| #ifdef HAVE_INTTYPES_H
| # include <inttypes.h>
| #endif
| #ifdef HAVE_STDINT_H
| # include <stdint.h>
| #endif
| #ifdef HAVE_UNISTD_H
| # include <unistd.h>
| #endif
| int
| main ()
| {
| if (sizeof ((_Bool)))
| 	    return 0;
|   ;
|   return 0;
| }
configure:5042: result: yes
configure:5059: checking for an ANSI C-conforming const
configure:5125: arm-linux-gnueabihf-gcc -c -g -O2 -I/mnt/fileroot/jianxin.pan/git_pan/tiny_tools/htop/ncurses-6.1_src/install_ncurses/include/ conftest.c >&5
configure:5125: $? = 0
configure:5132: result: yes
configure:5140: checking for pid_t
configure:5140: arm-linux-gnueabihf-gcc -c -g -O2 -I/mnt/fileroot/jianxin.pan/git_pan/tiny_tools/htop/ncurses-6.1_src/install_ncurses/include/ conftest.c >&5
configure:5140: $? = 0
configure:5140: arm-linux-gnueabihf-gcc -c -g -O2 -I/mnt/fileroot/jianxin.pan/git_pan/tiny_tools/htop/ncurses-6.1_src/install_ncurses/include/ conftest.c >&5
conftest.c: In function 'main':
conftest.c:74:20: error: expected expression before ')' token
configure:5140: $? = 1
configure: failed program was:
| /* confdefs.h */
| #define PACKAGE_NAME "htop"
| #define PACKAGE_TARNAME "htop"
| #define PACKAGE_VERSION "2.2.0"
| #define PACKAGE_STRING "htop 2.2.0"
| #define PACKAGE_BUGREPORT "hisham@gobolinux.org"
| #define PACKAGE_URL ""
| #define PACKAGE "htop"
| #define VERSION "2.2.0"
| #define STDC_HEADERS 1
| #define HAVE_SYS_TYPES_H 1
| #define HAVE_SYS_STAT_H 1
| #define HAVE_STDLIB_H 1
| #define HAVE_STRING_H 1
| #define HAVE_MEMORY_H 1
| #define HAVE_STRINGS_H 1
| #define HAVE_INTTYPES_H 1
| #define HAVE_STDINT_H 1
| #define HAVE_UNISTD_H 1
| #define __EXTENSIONS__ 1
| #define _ALL_SOURCE 1
| #define _GNU_SOURCE 1
| #define _POSIX_PTHREAD_SEMANTICS 1
| #define _TANDEM_SOURCE 1
| #define HAVE_LIBM 1
| #define HAVE_DIRENT_H 1
| #define STDC_HEADERS 1
| #define HAVE_STDLIB_H 1
| #define HAVE_STRING_H 1
| #define HAVE_STRINGS_H 1
| #define HAVE_SYS_PARAM_H 1
| #define HAVE_SYS_TIME_H 1
| #define HAVE_UNISTD_H 1
| #define HAVE_EXECINFO_H 1
| #define HAVE__BOOL 1
| #define HAVE_STDBOOL_H 1
| /* end confdefs.h.  */
| #include <stdio.h>
| #ifdef HAVE_SYS_TYPES_H
| # include <sys/types.h>
| #endif
| #ifdef HAVE_SYS_STAT_H
| # include <sys/stat.h>
| #endif
| #ifdef STDC_HEADERS
| # include <stdlib.h>
| # include <stddef.h>
| #else
| # ifdef HAVE_STDLIB_H
| #  include <stdlib.h>
| # endif
| #endif
| #ifdef HAVE_STRING_H
| # if !defined STDC_HEADERS && defined HAVE_MEMORY_H
| #  include <memory.h>
| # endif
| # include <string.h>
| #endif
| #ifdef HAVE_STRINGS_H
| # include <strings.h>
| #endif
| #ifdef HAVE_INTTYPES_H
| # include <inttypes.h>
| #endif
| #ifdef HAVE_STDINT_H
| # include <stdint.h>
| #endif
| #ifdef HAVE_UNISTD_H
| # include <unistd.h>
| #endif
| int
| main ()
| {
| if (sizeof ((pid_t)))
| 	    return 0;
|   ;
|   return 0;
| }
configure:5140: result: yes
configure:5151: checking for uid_t in sys/types.h
configure:5170: result: yes
configure:5184: checking whether closedir returns void
configure:5218: result: yes
configure:5226: checking return type of signal handlers
configure:5244: arm-linux-gnueabihf-gcc -c -g -O2 -I/mnt/fileroot/jianxin.pan/git_pan/tiny_tools/htop/ncurses-6.1_src/install_ncurses/include/ conftest.c >&5
conftest.c: In function 'main':
conftest.c:45:1: error: void value not ignored as it ought to be
configure:5244: $? = 1
configure: failed program was:
| /* confdefs.h */
| #define PACKAGE_NAME "htop"
| #define PACKAGE_TARNAME "htop"
| #define PACKAGE_VERSION "2.2.0"
| #define PACKAGE_STRING "htop 2.2.0"
| #define PACKAGE_BUGREPORT "hisham@gobolinux.org"
| #define PACKAGE_URL ""
| #define PACKAGE "htop"
| #define VERSION "2.2.0"
| #define STDC_HEADERS 1
| #define HAVE_SYS_TYPES_H 1
| #define HAVE_SYS_STAT_H 1
| #define HAVE_STDLIB_H 1
| #define HAVE_STRING_H 1
| #define HAVE_MEMORY_H 1
| #define HAVE_STRINGS_H 1
| #define HAVE_INTTYPES_H 1
| #define HAVE_STDINT_H 1
| #define HAVE_UNISTD_H 1
| #define __EXTENSIONS__ 1
| #define _ALL_SOURCE 1
| #define _GNU_SOURCE 1
| #define _POSIX_PTHREAD_SEMANTICS 1
| #define _TANDEM_SOURCE 1
| #define HAVE_LIBM 1
| #define HAVE_DIRENT_H 1
| #define STDC_HEADERS 1
| #define HAVE_STDLIB_H 1
| #define HAVE_STRING_H 1
| #define HAVE_STRINGS_H 1
| #define HAVE_SYS_PARAM_H 1
| #define HAVE_SYS_TIME_H 1
| #define HAVE_UNISTD_H 1
| #define HAVE_EXECINFO_H 1
| #define HAVE__BOOL 1
| #define HAVE_STDBOOL_H 1
| #define CLOSEDIR_VOID 1
| /* end confdefs.h.  */
| #include <sys/types.h>
| #include <signal.h>
| 
| int
| main ()
| {
| return *(signal (0, 0)) (0) == 1;
|   ;
|   return 0;
| }
configure:5251: result: void
configure:5259: checking whether lstat correctly handles trailing slash
configure:5302: result: no
configure:5321: checking whether stat accepts an empty string
configure:5351: result: yes
configure:5370: checking for memmove
configure:5370: arm-linux-gnueabihf-gcc -o conftest -g -O2 -I/mnt/fileroot/jianxin.pan/git_pan/tiny_tools/htop/ncurses-6.1_src/install_ncurses/include/ -L/mnt/fileroot/jianxin.pan/git_pan/tiny_tools/htop/ncurses-6.1_src/install_ncurses/lib --static conftest.c -lm  >&5
conftest.c:64:6: warning: conflicting types for built-in function 'memmove' [enabled by default]
configure:5370: $? = 0
configure:5370: result: yes
configure:5370: checking for strncasecmp
configure:5370: arm-linux-gnueabihf-gcc -o conftest -g -O2 -I/mnt/fileroot/jianxin.pan/git_pan/tiny_tools/htop/ncurses-6.1_src/install_ncurses/include/ -L/mnt/fileroot/jianxin.pan/git_pan/tiny_tools/htop/ncurses-6.1_src/install_ncurses/lib --static conftest.c -lm  >&5
conftest.c:65:6: warning: conflicting types for built-in function 'strncasecmp' [enabled by default]
configure:5370: $? = 0
configure:5370: result: yes
configure:5370: checking for strstr
configure:5370: arm-linux-gnueabihf-gcc -o conftest -g -O2 -I/mnt/fileroot/jianxin.pan/git_pan/tiny_tools/htop/ncurses-6.1_src/install_ncurses/include/ -L/mnt/fileroot/jianxin.pan/git_pan/tiny_tools/htop/ncurses-6.1_src/install_ncurses/lib --static conftest.c -lm  >&5
conftest.c:66:6: warning: conflicting types for built-in function 'strstr' [enabled by default]
configure:5370: $? = 0
configure:5370: result: yes
configure:5370: checking for strdup
configure:5370: arm-linux-gnueabihf-gcc -o conftest -g -O2 -I/mnt/fileroot/jianxin.pan/git_pan/tiny_tools/htop/ncurses-6.1_src/install_ncurses/include/ -L/mnt/fileroot/jianxin.pan/git_pan/tiny_tools/htop/ncurses-6.1_src/install_ncurses/lib --static conftest.c -lm  >&5
conftest.c:67:6: warning: conflicting types for built-in function 'strdup' [enabled by default]
configure:5370: $? = 0
configure:5370: result: yes
configure:5382: checking whether gcc -std=c99 option works
configure:5395: arm-linux-gnueabihf-gcc -c -g -O2 -std=c99 -I/mnt/fileroot/jianxin.pan/git_pan/tiny_tools/htop/ncurses-6.1_src/install_ncurses/include/ conftest.c >&5
configure:5395: $? = 0
configure:5396: result: yes
configure:5406: checking if compiler supports -Wextra
configure:5419: arm-linux-gnueabihf-gcc -c -g -O2 -Wextra -I/mnt/fileroot/jianxin.pan/git_pan/tiny_tools/htop/ncurses-6.1_src/install_ncurses/include/ conftest.c >&5
configure:5419: $? = 0
configure:5422: result: yes
configure:6171: checking for refresh in -lncurses
configure:6196: arm-linux-gnueabihf-gcc -o conftest  -g -O2 -I/mnt/fileroot/jianxin.pan/git_pan/tiny_tools/htop/ncurses-6.1_src/install_ncurses/include/ -lncurses -ltinfo -L/mnt/fileroot/jianxin.pan/git_pan/tiny_tools/htop/ncurses-6.1_src/install_ncurses/lib --static conftest.c -lncurses  -lm  >&5
/opt/gcc-linaro-arm-linux-gnueabihf/bin/../lib/gcc/arm-linux-gnueabihf/4.7.3/../../../../arm-linux-gnueabihf/bin/ld: cannot find -ltinfo
collect2: error: ld returned 1 exit status
configure:6196: $? = 1
configure: failed program was:
| /* confdefs.h */
| #define PACKAGE_NAME "htop"
| #define PACKAGE_TARNAME "htop"
| #define PACKAGE_VERSION "2.2.0"
| #define PACKAGE_STRING "htop 2.2.0"
| #define PACKAGE_BUGREPORT "hisham@gobolinux.org"
| #define PACKAGE_URL ""
| #define PACKAGE "htop"
| #define VERSION "2.2.0"
| #define STDC_HEADERS 1
| #define HAVE_SYS_TYPES_H 1
| #define HAVE_SYS_STAT_H 1
| #define HAVE_STDLIB_H 1
| #define HAVE_STRING_H 1
| #define HAVE_MEMORY_H 1
| #define HAVE_STRINGS_H 1
| #define HAVE_INTTYPES_H 1
| #define HAVE_STDINT_H 1
| #define HAVE_UNISTD_H 1
| #define __EXTENSIONS__ 1
| #define _ALL_SOURCE 1
| #define _GNU_SOURCE 1
| #define _POSIX_PTHREAD_SEMANTICS 1
| #define _TANDEM_SOURCE 1
| #define HAVE_LIBM 1
| #define HAVE_DIRENT_H 1
| #define STDC_HEADERS 1
| #define HAVE_STDLIB_H 1
| #define HAVE_STRING_H 1
| #define HAVE_STRINGS_H 1
| #define HAVE_SYS_PARAM_H 1
| #define HAVE_SYS_TIME_H 1
| #define HAVE_UNISTD_H 1
| #define HAVE_EXECINFO_H 1
| #define HAVE__BOOL 1
| #define HAVE_STDBOOL_H 1
| #define CLOSEDIR_VOID 1
| #define RETSIGTYPE void
| #define HAVE_STAT_EMPTY_STRING_BUG 1
| #define HAVE_MEMMOVE 1
| #define HAVE_STRNCASECMP 1
| #define HAVE_STRSTR 1
| #define HAVE_STRDUP 1
| #define HAVE_PROC 1
| #define PROCDIR "/proc"
| #define HAVE_CGROUP 1
| #define HAVE_TASKSTATS 1
| /* end confdefs.h.  */
| 
| /* Override any GCC internal prototype to avoid an error.
|    Use char because int might match the return type of a GCC
|    builtin and then its argument prototype would still apply.  */
| #ifdef __cplusplus
| extern "C"
| #endif
| char refresh ();
| int
| main ()
| {
| return refresh ();
|   ;
|   return 0;
| }
configure:6205: result: no
configure:6225: checking for refresh in -lncurses6
configure:6250: arm-linux-gnueabihf-gcc -o conftest -g -O2 -I/mnt/fileroot/jianxin.pan/git_pan/tiny_tools/htop/ncurses-6.1_src/install_ncurses/include/ -L/mnt/fileroot/jianxin.pan/git_pan/tiny_tools/htop/ncurses-6.1_src/install_ncurses/lib --static conftest.c -lncurses6  -lm  >&5
configure:6250: $? = 0
configure:6259: result: yes
configure:6329: checking curses.h usability
configure:6329: arm-linux-gnueabihf-gcc -c -g -O2 -I/mnt/fileroot/jianxin.pan/git_pan/tiny_tools/htop/ncurses-6.1_src/install_ncurses/include/ conftest.c >&5
configure:6329: $? = 0
configure:6329: result: yes
configure:6329: checking curses.h presence
configure:6329: arm-linux-gnueabihf-gcc -E -I/mnt/fileroot/jianxin.pan/git_pan/tiny_tools/htop/ncurses-6.1_src/install_ncurses/include/ conftest.c
configure:6329: $? = 0
configure:6329: result: yes
configure:6329: checking for curses.h
configure:6329: result: yes
configure:7233: checking that generated files are newer than configure
configure:7239: result: done
configure:7290: creating ./config.status

## ---------------------- ##
## Running config.status. ##
## ---------------------- ##

This file was extended by htop config.status 2.2.0, which was
generated by GNU Autoconf 2.69.  Invocation command line was

  CONFIG_FILES    = 
  CONFIG_HEADERS  = 
  CONFIG_LINKS    = 
  CONFIG_COMMANDS = 
  $ ./config.status 

on droid02

config.status:921: creating Makefile
config.status:921: creating htop.1
config.status:921: creating config.h
config.status:1102: config.h is unchanged
config.status:1150: executing depfiles commands

## ---------------- ##
## Cache variables. ##
## ---------------- ##

ac_cv_build=x86_64-unknown-linux-gnu
ac_cv_c_compiler_gnu=yes
ac_cv_c_const=yes
ac_cv_env_CC_set=
ac_cv_env_CC_value=
ac_cv_env_CFLAGS_set=
ac_cv_env_CFLAGS_value=
ac_cv_env_CPPFLAGS_set=set
ac_cv_env_CPPFLAGS_value=-I/mnt/fileroot/jianxin.pan/git_pan/tiny_tools/htop/ncurses-6.1_src/install_ncurses/include/
ac_cv_env_CPP_set=
ac_cv_env_CPP_value=
ac_cv_env_LDFLAGS_set=set
ac_cv_env_LDFLAGS_value='-L/mnt/fileroot/jianxin.pan/git_pan/tiny_tools/htop/ncurses-6.1_src/install_ncurses/lib --static'
ac_cv_env_LIBNL3GENL_CFLAGS_set=
ac_cv_env_LIBNL3GENL_CFLAGS_value=
ac_cv_env_LIBNL3GENL_LIBS_set=
ac_cv_env_LIBNL3GENL_LIBS_value=
ac_cv_env_LIBNL3_CFLAGS_set=
ac_cv_env_LIBNL3_CFLAGS_value=
ac_cv_env_LIBNL3_LIBS_set=
ac_cv_env_LIBNL3_LIBS_value=
ac_cv_env_LIBS_set=
ac_cv_env_LIBS_value=
ac_cv_env_PKG_CONFIG_LIBDIR_set=
ac_cv_env_PKG_CONFIG_LIBDIR_value=
ac_cv_env_PKG_CONFIG_PATH_set=
ac_cv_env_PKG_CONFIG_PATH_value=
ac_cv_env_PKG_CONFIG_set=
ac_cv_env_PKG_CONFIG_value=
ac_cv_env_build_alias_set=
ac_cv_env_build_alias_value=
ac_cv_env_host_alias_set=set
ac_cv_env_host_alias_value=arm-linux-gnueabihf
ac_cv_env_target_alias_set=
ac_cv_env_target_alias_value=
ac_cv_func_closedir_void=yes
ac_cv_func_lstat_dereferences_slashed_symlink=no
ac_cv_func_memmove=yes
ac_cv_func_stat_empty_string_bug=yes
ac_cv_func_strdup=yes
ac_cv_func_strncasecmp=yes
ac_cv_func_strstr=yes
ac_cv_header_curses_h=yes
ac_cv_header_dirent_dirent_h=yes
ac_cv_header_execinfo_h=yes
ac_cv_header_inttypes_h=yes
ac_cv_header_memory_h=yes
ac_cv_header_minix_config_h=no
ac_cv_header_stdbool_h=yes
ac_cv_header_stdc=yes
ac_cv_header_stdint_h=yes
ac_cv_header_stdlib_h=yes
ac_cv_header_string_h=yes
ac_cv_header_strings_h=yes
ac_cv_header_sys_param_h=yes
ac_cv_header_sys_stat_h=yes
ac_cv_header_sys_time_h=yes
ac_cv_header_sys_types_h=yes
ac_cv_header_sys_types_h_makedev=yes
ac_cv_header_unistd_h=yes
ac_cv_host=arm-unknown-linux-gnueabihf
ac_cv_lib_m_ceil=yes
ac_cv_lib_ncurses6_refresh=yes
ac_cv_lib_ncurses_refresh=no
ac_cv_objext=o
ac_cv_path_EGREP='/bin/grep -E'
ac_cv_path_GREP=/bin/grep
ac_cv_path_install='/usr/bin/install -c'
ac_cv_path_mkdir=/bin/mkdir
ac_cv_prog_AWK=gawk
ac_cv_prog_CC=arm-linux-gnueabihf-gcc
ac_cv_prog_CPP='arm-linux-gnueabihf-gcc -E'
ac_cv_prog_STRIP=arm-linux-gnueabihf-strip
ac_cv_prog_cc_c89=
ac_cv_prog_cc_g=yes
ac_cv_prog_make_make_set=yes
ac_cv_safe_to_define___extensions__=yes
ac_cv_search_opendir='none required'
ac_cv_target=arm-unknown-linux-gnueabihf
ac_cv_type__Bool=yes
ac_cv_type_pid_t=yes
ac_cv_type_signal=void
ac_cv_type_uid_t=yes
am_cv_CC_dependencies_compiler_type=gcc3
am_cv_make_support_nested_variables=yes
am_cv_prog_cc_c_o=yes

## ----------------- ##
## Output variables. ##
## ----------------- ##

ACLOCAL='${SHELL} /mnt/fileroot/jianxin.pan/git_pan/tiny_tools/htop/htop-2.2.0_src/missing aclocal-1.15'
AMDEPBACKSLASH='\'
AMDEP_FALSE='#'
AMDEP_TRUE=''
AMTAR='$${TAR-tar}'
AM_BACKSLASH='\'
AM_DEFAULT_V='$(AM_DEFAULT_VERBOSITY)'
AM_DEFAULT_VERBOSITY='1'
AM_V='$(V)'
AUTOCONF='${SHELL} /mnt/fileroot/jianxin.pan/git_pan/tiny_tools/htop/htop-2.2.0_src/missing autoconf'
AUTOHEADER='${SHELL} /mnt/fileroot/jianxin.pan/git_pan/tiny_tools/htop/htop-2.2.0_src/missing autoheader'
AUTOMAKE='${SHELL} /mnt/fileroot/jianxin.pan/git_pan/tiny_tools/htop/htop-2.2.0_src/missing automake-1.15'
AWK='gawk'
CC='arm-linux-gnueabihf-gcc'
CCDEPMODE='depmode=gcc3'
CFLAGS='-g -O2'
CPP='arm-linux-gnueabihf-gcc -E'
CPPFLAGS='-I/mnt/fileroot/jianxin.pan/git_pan/tiny_tools/htop/ncurses-6.1_src/install_ncurses/include/'
CYGPATH_W='echo'
DEFS='-DHAVE_CONFIG_H'
DEPDIR='.deps'
ECHO_C=''
ECHO_N='-n'
ECHO_T=''
EGREP='/bin/grep -E'
EXEEXT=''
GREP='/bin/grep'
HTOP_DARWIN_FALSE=''
HTOP_DARWIN_TRUE='#'
HTOP_DRAGONFLYBSD_FALSE=''
HTOP_DRAGONFLYBSD_TRUE='#'
HTOP_FREEBSD_FALSE=''
HTOP_FREEBSD_TRUE='#'
HTOP_LINUX_FALSE='#'
HTOP_LINUX_TRUE=''
HTOP_OPENBSD_FALSE=''
HTOP_OPENBSD_TRUE='#'
HTOP_SOLARIS_FALSE=''
HTOP_SOLARIS_TRUE='#'
HTOP_UNSUPPORTED_FALSE=''
HTOP_UNSUPPORTED_TRUE='#'
INSTALL_DATA='${INSTALL} -m 644'
INSTALL_PROGRAM='${INSTALL}'
INSTALL_SCRIPT='${INSTALL}'
INSTALL_STRIP_PROGRAM='$(install_sh) -c -s'
LDFLAGS='-L/mnt/fileroot/jianxin.pan/git_pan/tiny_tools/htop/ncurses-6.1_src/install_ncurses/lib --static'
LIBNL3GENL_CFLAGS=''
LIBNL3GENL_LIBS=''
LIBNL3_CFLAGS=''
LIBNL3_LIBS=''
LIBOBJS=' ${LIBOBJDIR}lstat$U.o ${LIBOBJDIR}stat$U.o'
LIBS='-lncurses6 -lm  '
LTLIBOBJS=' ${LIBOBJDIR}lstat$U.lo ${LIBOBJDIR}stat$U.lo'
MAKEINFO='${SHELL} /mnt/fileroot/jianxin.pan/git_pan/tiny_tools/htop/htop-2.2.0_src/missing makeinfo'
MKDIR_P='/bin/mkdir -p'
OBJEXT='o'
PACKAGE='htop'
PACKAGE_BUGREPORT='hisham@gobolinux.org'
PACKAGE_NAME='htop'
PACKAGE_STRING='htop 2.2.0'
PACKAGE_TARNAME='htop'
PACKAGE_URL=''
PACKAGE_VERSION='2.2.0'
PATH_SEPARATOR=':'
PKG_CONFIG=''
PKG_CONFIG_LIBDIR=''
PKG_CONFIG_PATH=''
SET_MAKE=''
SHELL='/bin/bash'
STRIP='arm-linux-gnueabihf-strip'
VERSION='2.2.0'
ac_ct_CC=''
am__EXEEXT_FALSE=''
am__EXEEXT_TRUE='#'
am__fastdepCC_FALSE='#'
am__fastdepCC_TRUE=''
am__include='include'
am__isrc=''
am__leading_dot='.'
am__nodep='_no'
am__quote=''
am__tar='$${TAR-tar} chof - "$$tardir"'
am__untar='$${TAR-tar} xf -'
bindir='${exec_prefix}/bin'
build='x86_64-unknown-linux-gnu'
build_alias=''
build_cpu='x86_64'
build_os='linux-gnu'
build_vendor='unknown'
datadir='${datarootdir}'
datarootdir='${prefix}/share'
docdir='${datarootdir}/doc/${PACKAGE_TARNAME}'
dvidir='${docdir}'
exec_prefix='${prefix}'
host='arm-unknown-linux-gnueabihf'
host_alias='arm-linux-gnueabihf'
host_cpu='arm'
host_os='linux-gnueabihf'
host_vendor='unknown'
htmldir='${docdir}'
includedir='${prefix}/include'
infodir='${datarootdir}/info'
install_sh='${SHELL} /mnt/fileroot/jianxin.pan/git_pan/tiny_tools/htop/htop-2.2.0_src/install-sh'
libdir='${exec_prefix}/lib'
libexecdir='${exec_prefix}/libexec'
localedir='${datarootdir}/locale'
localstatedir='${prefix}/var'
mandir='${datarootdir}/man'
mkdir_p='$(MKDIR_P)'
my_htop_platform='linux'
oldincludedir='/usr/include'
pdfdir='${docdir}'
prefix='/mnt/fileroot/jianxin.pan/git_pan/tiny_tools/htop/htop-2.2.0_src/install_htop'
program_transform_name='s,x,x,'
psdir='${docdir}'
sbindir='${exec_prefix}/sbin'
sharedstatedir='${prefix}/com'
sysconfdir='${prefix}/etc'
target='arm-unknown-linux-gnueabihf'
target_alias=''
target_cpu='arm'
target_os='linux-gnueabihf'
target_vendor='unknown'
wextra_flag='-Wextra'

## ----------- ##
## confdefs.h. ##
## ----------- ##

/* confdefs.h */
#define PACKAGE_NAME "htop"
#define PACKAGE_TARNAME "htop"
#define PACKAGE_VERSION "2.2.0"
#define PACKAGE_STRING "htop 2.2.0"
#define PACKAGE_BUGREPORT "hisham@gobolinux.org"
#define PACKAGE_URL ""
#define PACKAGE "htop"
#define VERSION "2.2.0"
#define STDC_HEADERS 1
#define HAVE_SYS_TYPES_H 1
#define HAVE_SYS_STAT_H 1
#define HAVE_STDLIB_H 1
#define HAVE_STRING_H 1
#define HAVE_MEMORY_H 1
#define HAVE_STRINGS_H 1
#define HAVE_INTTYPES_H 1
#define HAVE_STDINT_H 1
#define HAVE_UNISTD_H 1
#define __EXTENSIONS__ 1
#define _ALL_SOURCE 1
#define _GNU_SOURCE 1
#define _POSIX_PTHREAD_SEMANTICS 1
#define _TANDEM_SOURCE 1
#define HAVE_LIBM 1
#define HAVE_DIRENT_H 1
#define STDC_HEADERS 1
#define HAVE_STDLIB_H 1
#define HAVE_STRING_H 1
#define HAVE_STRINGS_H 1
#define HAVE_SYS_PARAM_H 1
#define HAVE_SYS_TIME_H 1
#define HAVE_UNISTD_H 1
#define HAVE_EXECINFO_H 1
#define HAVE__BOOL 1
#define HAVE_STDBOOL_H 1
#define CLOSEDIR_VOID 1
#define RETSIGTYPE void
#define HAVE_STAT_EMPTY_STRING_BUG 1
#define HAVE_MEMMOVE 1
#define HAVE_STRNCASECMP 1
#define HAVE_STRSTR 1
#define HAVE_STRDUP 1
#define HAVE_PROC 1
#define PROCDIR "/proc"
#define HAVE_CGROUP 1
#define HAVE_TASKSTATS 1
#define HAVE_LIBNCURSES 1
#define HAVE_CURSES_H 1
#define HAVE_LINUX_AFFINITY 1
#define HAVE_SETUID_ENABLED 1
#define COPYRIGHT "(C) 2004-2018 Hisham Muhammad"

configure: exit 0
